VirtualBox XPCOM Server 5.1.16 r113841 linux.amd64 (Mar  8 2017 20:21:23) release log
00:00:00.000944 main     Log opened 2017-03-15T21:03:38.342599000Z
00:00:00.000947 main     Build Type: release
00:00:00.000954 main     OS Product: Linux
00:00:00.000955 main     OS Release: 4.9.12-1
00:00:00.000956 main     OS Version: #1 SMP PREEMPT Thu Feb 23 22:21:53 UTC 2017
00:00:00.000993 main     DMI Product Name: Studio XPS 7100
00:00:00.001002 main     DMI Product Version: 
00:00:00.001070 main     Host RAM: 7735MB (7.5GB) total, 3224MB (3.1GB) available
00:00:00.001076 main     Executable: /usr/lib/virtualbox/VBoxSVC
00:00:00.001077 main     Process ID: 11707
00:00:00.001078 main     Package type: LINUX_64BITS_GENERIC (OSE)
00:00:00.004425 main     IPC socket path: /tmp/.vbox-mastarch-ipc/ipcd
00:00:00.111348 nspr-2   VirtualBox: object creation starts
00:00:00.111483 nspr-2   Home directory: '/home/mastarch/.config/VirtualBox'
00:00:00.111770 nspr-2   Loading settings file "/home/mastarch/.config/VirtualBox/VirtualBox.xml" with version "1.12-linux"
00:00:00.123801 nspr-2   NAT: resolv.conf: nameserver 192.168.1.1
00:00:00.123847 nspr-2   NAT: resolv.conf: nameserver 207.164.234.129
00:00:00.123886 nspr-2   HostDnsMonitor: old information
00:00:00.123891 nspr-2     no server entries
00:00:00.123895 nspr-2     no domain set
00:00:00.123898 nspr-2     no search string entries
00:00:00.123902 nspr-2   HostDnsMonitor: new information
00:00:00.123905 nspr-2     server 1: 192.168.1.1
00:00:00.123909 nspr-2     server 2: 207.164.234.129
00:00:00.123913 nspr-2     domain: home
00:00:00.123917 nspr-2     search string 1: home
00:00:00.123926 nspr-2   HostDnsMonitorProxy::notify
00:00:00.135582 nspr-2   Failed to open "/dev/vboxdrvu", errno=13, rc=VERR_VM_DRIVER_NOT_ACCESSIBLE
00:00:00.142300 nspr-2   VD: VDInit finished
00:00:00.142427 nspr-2   ERROR [COM]: aRC=NS_ERROR_FAILURE (0x80004005) aIID={0eb668d2-495e-5a36-8890-29999b5f030c} aComponent={SystemPropertiesWrap} aText={Cannot determine default Guest Additions ISO location. Most likely they are not available}, preserve=false aResultDetail=0
00:00:00.150612 nspr-2   Loading settings file "/home/mastarch/VirtualBox VMs/testkaos/testkaos.vbox" with version "1.16-linux"
00:00:00.151373 nspr-2   ERROR [COM]: aRC=NS_ERROR_FAILURE (0x80004005) aIID={b2547866-a0a1-4391-8b86-6952d82efaa0} aComponent={MachineWrap} aText={Runtime error opening '/home/mastarch/VirtualBox VMs/window/window.vbox' for reading: -102(File not found.).
00:00:00.151384 nspr-2   /buildsys/apps/virtualbox-qt5/src/VirtualBox-5.1.16/src/VBox/Main/src-server/MachineImpl.cpp[745] (nsresult Machine::i_registeredInit())}, preserve=false aResultDetail=0
00:00:00.156831 nspr-2   VirtualBox: object created
00:00:00.399996 nspr-3   ERROR [COM]: aRC=NS_ERROR_FAILURE (0x80004005) aIID={b2547866-a0a1-4391-8b86-6952d82efaa0} aComponent={MachineWrap} aText={Runtime error opening '/home/mastarch/VirtualBox VMs/window/window.vbox' for reading: -102(File not found.).
00:00:00.400010 nspr-3   /buildsys/apps/virtualbox-qt5/src/VirtualBox-5.1.16/src/VBox/Main/src-server/MachineImpl.cpp[745] (nsresult Machine::i_registeredInit())}, preserve=false aResultDetail=0
00:00:00.400850 nspr-3   ERROR [COM]: aRC=NS_ERROR_FAILURE (0x80004005) aIID={b2547866-a0a1-4391-8b86-6952d82efaa0} aComponent={MachineWrap} aText={Runtime error opening '/home/mastarch/VirtualBox VMs/window/window.vbox' for reading: -102(File not found.).
00:00:00.400863 nspr-3   /buildsys/apps/virtualbox-qt5/src/VirtualBox-5.1.16/src/VBox/Main/src-server/MachineImpl.cpp[745] (nsresult Machine::i_registeredInit())}, preserve=false aResultDetail=0
00:00:00.402470 nspr-3   ERROR [COM]: aRC=NS_ERROR_FAILURE (0x80004005) aIID={b2547866-a0a1-4391-8b86-6952d82efaa0} aComponent={MachineWrap} aText={Runtime error opening '/home/mastarch/VirtualBox VMs/window/window.vbox' for reading: -102(File not found.).
00:00:00.402483 nspr-3   /buildsys/apps/virtualbox-qt5/src/VirtualBox-5.1.16/src/VBox/Main/src-server/MachineImpl.cpp[745] (nsresult Machine::i_registeredInit())}, preserve=false aResultDetail=0
00:00:00.406542 nspr-3   ERROR [COM]: aRC=E_ACCESSDENIED (0x80070005) aIID={b2547866-a0a1-4391-8b86-6952d82efaa0} aComponent={MachineWrap} aText={The object functionality is limited}, preserve=false aResultDetail=0
00:00:00.406606 nspr-3   ERROR [COM]: aRC=VBOX_E_OBJECT_NOT_FOUND (0x80bb0001) aIID={0169423f-46b4-cde9-91af-1e9d5b6cd945} aComponent={VirtualBoxWrap} aText={Could not find a registered machine named 'window'}, preserve=false aResultDetail=0
00:00:00.484446 nspr-3   WARNING [COM]: aRC=NS_ERROR_FAILURE (0x80004005) aIID={afca788c-4477-787d-60b2-3fa70e56fbbc} aComponent={HostWrap} aText={Could not load the Host USB Proxy service: VERR_NOT_FOUND}, preserve=true  aResultDetail=0
00:00:00.608349 nspr-3   Failed to open "/dev/vboxdrvu", errno=13, rc=VERR_VM_DRIVER_NOT_ACCESSIBLE
00:00:00.745668 nspr-2   WARNING [COM]: aRC=NS_ERROR_FAILURE (0x80004005) aIID={afca788c-4477-787d-60b2-3fa70e56fbbc} aComponent={HostWrap} aText={Could not load the Host USB Proxy service: VERR_NOT_FOUND}, preserve=true  aResultDetail=0
00:00:00.748997 nspr-2   WARNING [COM]: aRC=NS_ERROR_FAILURE (0x80004005) aIID={afca788c-4477-787d-60b2-3fa70e56fbbc} aComponent={HostWrap} aText={Could not load the Host USB Proxy service: VERR_NOT_FOUND}, preserve=true  aResultDetail=0
00:00:00.751892 nspr-2   WARNING [COM]: aRC=NS_ERROR_FAILURE (0x80004005) aIID={afca788c-4477-787d-60b2-3fa70e56fbbc} aComponent={HostWrap} aText={Could not load the Host USB Proxy service: VERR_NOT_FOUND}, preserve=true  aResultDetail=0
00:00:03.744024 nspr-2   ERROR [COM]: aRC=E_ACCESSDENIED (0x80070005) aIID={b2547866-a0a1-4391-8b86-6952d82efaa0} aComponent={MachineWrap} aText={The object functionality is limited}, preserve=false aResultDetail=0
00:00:03.753006 nspr-2   ERROR [COM]: aRC=NS_ERROR_FAILURE (0x80004005) aIID={b2547866-a0a1-4391-8b86-6952d82efaa0} aComponent={MachineWrap} aText={Runtime error opening '/home/mastarch/VirtualBox VMs/window/window.vbox' for reading: -102(File not found.).
00:00:03.753032 nspr-2   /buildsys/apps/virtualbox-qt5/src/VirtualBox-5.1.16/src/VBox/Main/src-server/MachineImpl.cpp[745] (nsresult Machine::i_registeredInit())}, preserve=false aResultDetail=0
00:00:03.780327 nspr-2   ERROR [COM]: aRC=NS_ERROR_FAILURE (0x80004005) aIID={b2547866-a0a1-4391-8b86-6952d82efaa0} aComponent={MachineWrap} aText={Runtime error opening '/home/mastarch/VirtualBox VMs/window/window.vbox' for reading: -102(File not found.).
00:00:03.780341 nspr-2   /buildsys/apps/virtualbox-qt5/src/VirtualBox-5.1.16/src/VBox/Main/src-server/MachineImpl.cpp[745] (nsresult Machine::i_registeredInit())}, preserve=false aResultDetail=0
00:00:03.784450 nspr-2   ERROR [COM]: aRC=NS_ERROR_FAILURE (0x80004005) aIID={b2547866-a0a1-4391-8b86-6952d82efaa0} aComponent={MachineWrap} aText={Runtime error opening '/home/mastarch/VirtualBox VMs/window/window.vbox' for reading: -102(File not found.).
00:00:03.784463 nspr-2   /buildsys/apps/virtualbox-qt5/src/VirtualBox-5.1.16/src/VBox/Main/src-server/MachineImpl.cpp[745] (nsresult Machine::i_registeredInit())}, preserve=false aResultDetail=0
00:00:03.785231 nspr-2   ERROR [COM]: aRC=E_ACCESSDENIED (0x80070005) aIID={b2547866-a0a1-4391-8b86-6952d82efaa0} aComponent={MachineWrap} aText={The object functionality is limited}, preserve=false aResultDetail=0
00:00:03.787032 nspr-2   ERROR [COM]: aRC=E_ACCESSDENIED (0x80070005) aIID={b2547866-a0a1-4391-8b86-6952d82efaa0} aComponent={MachineWrap} aText={The object functionality is limited}, preserve=false aResultDetail=0
00:00:03.790799 nspr-2   ERROR [COM]: aRC=NS_ERROR_FAILURE (0x80004005) aIID={b2547866-a0a1-4391-8b86-6952d82efaa0} aComponent={MachineWrap} aText={Runtime error opening '/home/mastarch/VirtualBox VMs/window/window.vbox' for reading: -102(File not found.).
00:00:03.790812 nspr-2   /buildsys/apps/virtualbox-qt5/src/VirtualBox-5.1.16/src/VBox/Main/src-server/MachineImpl.cpp[745] (nsresult Machine::i_registeredInit())}, preserve=false aResultDetail=0
00:00:03.793000 nspr-2   ERROR [COM]: aRC=NS_ERROR_FAILURE (0x80004005) aIID={b2547866-a0a1-4391-8b86-6952d82efaa0} aComponent={MachineWrap} aText={Runtime error opening '/home/mastarch/VirtualBox VMs/window/window.vbox' for reading: -102(File not found.).
00:00:03.793011 nspr-2   /buildsys/apps/virtualbox-qt5/src/VirtualBox-5.1.16/src/VBox/Main/src-server/MachineImpl.cpp[745] (nsresult Machine::i_registeredInit())}, preserve=false aResultDetail=0
00:00:03.795022 nspr-2   ERROR [COM]: aRC=NS_ERROR_FAILURE (0x80004005) aIID={b2547866-a0a1-4391-8b86-6952d82efaa0} aComponent={MachineWrap} aText={Runtime error opening '/home/mastarch/VirtualBox VMs/window/window.vbox' for reading: -102(File not found.).
00:00:03.795032 nspr-2   /buildsys/apps/virtualbox-qt5/src/VirtualBox-5.1.16/src/VBox/Main/src-server/MachineImpl.cpp[745] (nsresult Machine::i_registeredInit())}, preserve=false aResultDetail=0
00:00:03.796666 nspr-2   ERROR [COM]: aRC=NS_ERROR_FAILURE (0x80004005) aIID={b2547866-a0a1-4391-8b86-6952d82efaa0} aComponent={MachineWrap} aText={Runtime error opening '/home/mastarch/VirtualBox VMs/window/window.vbox' for reading: -102(File not found.).
00:00:03.796676 nspr-2   /buildsys/apps/virtualbox-qt5/src/VirtualBox-5.1.16/src/VBox/Main/src-server/MachineImpl.cpp[745] (nsresult Machine::i_registeredInit())}, preserve=false aResultDetail=0
00:00:03.799540 nspr-2   ERROR [COM]: aRC=NS_ERROR_FAILURE (0x80004005) aIID={b2547866-a0a1-4391-8b86-6952d82efaa0} aComponent={MachineWrap} aText={Runtime error opening '/home/mastarch/VirtualBox VMs/window/window.vbox' for reading: -102(File not found.).
00:00:03.799551 nspr-2   /buildsys/apps/virtualbox-qt5/src/VirtualBox-5.1.16/src/VBox/Main/src-server/MachineImpl.cpp[745] (nsresult Machine::i_registeredInit())}, preserve=false aResultDetail=0
00:00:03.800918 nspr-2   ERROR [COM]: aRC=NS_ERROR_FAILURE (0x80004005) aIID={b2547866-a0a1-4391-8b86-6952d82efaa0} aComponent={MachineWrap} aText={Runtime error opening '/home/mastarch/VirtualBox VMs/window/window.vbox' for reading: -102(File not found.).
00:00:03.800928 nspr-2   /buildsys/apps/virtualbox-qt5/src/VirtualBox-5.1.16/src/VBox/Main/src-server/MachineImpl.cpp[745] (nsresult Machine::i_registeredInit())}, preserve=false aResultDetail=0
00:00:09.492473 nspr-3   ERROR [COM]: aRC=NS_ERROR_FAILURE (0x80004005) aIID={b2547866-a0a1-4391-8b86-6952d82efaa0} aComponent={MachineWrap} aText={Runtime error opening '/home/mastarch/VirtualBox VMs/window/window.vbox' for reading: -102(File not found.).
00:00:09.492483 nspr-3   /buildsys/apps/virtualbox-qt5/src/VirtualBox-5.1.16/src/VBox/Main/src-server/MachineImpl.cpp[745] (nsresult Machine::i_registeredInit())}, preserve=false aResultDetail=0
00:00:10.489121 nspr-3   WARNING [COM]: aRC=NS_ERROR_FAILURE (0x80004005) aIID={afca788c-4477-787d-60b2-3fa70e56fbbc} aComponent={HostWrap} aText={Could not load the Host USB Proxy service: VERR_NOT_FOUND}, preserve=true  aResultDetail=0
00:00:10.514535 nspr-3   Failed to open "/dev/vboxdrvu", errno=13, rc=VERR_VM_DRIVER_NOT_ACCESSIBLE
00:00:10.598421 nspr-3   WARNING [COM]: aRC=NS_ERROR_FAILURE (0x80004005) aIID={afca788c-4477-787d-60b2-3fa70e56fbbc} aComponent={HostWrap} aText={Could not load the Host USB Proxy service: VERR_NOT_FOUND}, preserve=true  aResultDetail=0
00:00:10.602794 nspr-3   WARNING [COM]: aRC=NS_ERROR_FAILURE (0x80004005) aIID={afca788c-4477-787d-60b2-3fa70e56fbbc} aComponent={HostWrap} aText={Could not load the Host USB Proxy service: VERR_NOT_FOUND}, preserve=true  aResultDetail=0
00:00:10.606378 nspr-3   WARNING [COM]: aRC=NS_ERROR_FAILURE (0x80004005) aIID={afca788c-4477-787d-60b2-3fa70e56fbbc} aComponent={HostWrap} aText={Could not load the Host USB Proxy service: VERR_NOT_FOUND}, preserve=true  aResultDetail=0
00:00:16.212417 nspr-2   ERROR [COM]: aRC=E_ACCESSDENIED (0x80070005) aIID={4afe423b-43e0-e9d0-82e8-ceb307940dda} aComponent={MediumWrap} aText={The object is not ready}, preserve=false aResultDetail=0
00:01:14.534903 main     VirtualBox: object deletion starts
00:01:14.696131 Watcher  ERROR [COM]: aRC=E_ACCESSDENIED (0x80070005) aIID={0169423f-46b4-cde9-91af-1e9d5b6cd945} aComponent={VirtualBoxWrap} aText={The object is not ready}, preserve=false aResultDetail=0
00:01:19.536194 main     {00007ffa640129d0} HostPowerServiceLinux::~HostPowerServiceLinux: RTThreadWait() for 5000 ms failed with VERR_TIMEOUT
00:01:19.537274 main     VirtualBox: object deleted
