Handbrake Version: 20170123054450-b656a1a-master (2017012301)
[20:39:48] gtkgui: Modified Preset: /General/Fast 1080p30
[20:39:48] 1 job(s) to process
[20:39:48] json job:
{
    "Audio": {
        "AudioList": [
            {
                "Bitrate": 160,
                "CompressionLevel": -1.0,
                "DRC": 0.0,
                "DitherMethod": "auto",
                "Encoder": "av_aac",
                "Gain": 0.0,
                "Mixdown": "stereo",
                "NormalizeMixLevel": false,
                "PresetEncoder": "av_aac",
                "Quality": -3.0,
                "Samplerate": "auto",
                "Track": 0
            }
        ],
        "CopyMask": [
            "copy:aac"
        ],
        "FallbackEncoder": "av_aac"
    },
    "Destination": {
        "ChapterList": [
            {
                "Name": "Chapter 1"
            },
            {
                "Name": "Chapter 2"
            }
        ],
        "ChapterMarkers": true,
        "File": "/home/mastarch/Vidéos/JIMMYSEVIGNY_TRANS_CONNECT.mkv",
        "Mp4Options": {
            "IpodAtom": false,
            "Mp4Optimize": false
        },
        "Mux": "mkv"
    },
    "Filters": {
        "FilterList": [
            {
                "ID": 3,
                "Settings": {
                    "block-height": "16",
                    "block-thresh": "40",
                    "block-width": "16",
                    "filter-mode": "2",
                    "mode": "3",
                    "motion-thresh": "1",
                    "spatial-metric": "2",
                    "spatial-thresh": "1"
                }
            },
            {
                "ID": 4,
                "Settings": {
                    "mode": "7"
                }
            },
            {
                "ID": 6,
                "Settings": {
                    "mode": 2,
                    "rate": "27000000/900000"
                }
            },
            {
                "ID": 11,
                "Settings": {
                    "crop-bottom": 0,
                    "crop-left": 0,
                    "crop-right": 0,
                    "crop-top": 0,
                    "height": 480,
                    "width": 720
                }
            }
        ]
    },
    "Metadata": {
        "Name": "JIMMYSEVIGNY_TRANS_CONNECT"
    },
    "PAR": {
        "Den": 27,
        "Num": 32
    },
    "SequenceID": 0,
    "Source": {
        "Angle": 0,
        "Path": "/media/HD/Series/Jimmy Sévigny transFORMation/JIMMYSEVIGNY_TRANS_CONNECT.ISO",
        "Range": {
            "End": 2,
            "Start": 1,
            "Type": "chapter"
        },
        "Title": 1
    },
    "Subtitle": {
        "Search": {
            "Burn": true,
            "Default": false,
            "Enable": false,
            "Forced": false
        },
        "SubtitleList": []
    },
    "Video": {
        "ColorMatrixCode": 0,
        "Encoder": "x264",
        "Level": "4.0",
        "OpenCL": false,
        "Options": "",
        "Preset": "fast",
        "Profile": "main",
        "QSV": {
            "AsyncDepth": 4,
            "Decode": false
        },
        "Quality": 22.0,
        "Tune": "",
        "Turbo": false,
        "TwoPass": false
    }
}
[20:39:48] CPU: AMD Athlon(tm) II X4 630 Processor
[20:39:48]  - logical processor count: 4
[20:39:48] hb_scan: path=/media/HD/Series/Jimmy Sévigny transFORMation/JIMMYSEVIGNY_TRANS_CONNECT.ISO, title_index=1
disc.c:352: error opening file BDMV/index.bdmv
disc.c:352: error opening file BDMV/BACKUP/index.bdmv
[20:39:48] bd: not a bd - trying as a stream/file instead
libdvdnav: Using dvdnav version 5.0.1
libdvdread: Encrypted DVD support unavailable.
libdvdnav: DVD Title: JIMMYSEVIGNY_TRANS_CONNECT
libdvdnav: DVD Serial Number: 496168ae        
libdvdnav: DVD Title (Alternative): JIMMYSEVIGNY_TRANS_CONNECT
libdvdnav: DVD disk reports itself with Region mask 0x00000000. Regions: 1 2 3 4 5 6 7 8
libdvdread: Encrypted DVD support unavailable.
[20:39:48] scan: DVD has 5 title(s)
[20:39:48] scan: scanning title 1
[20:39:48] scan: opening IFO for VTS 1
[20:39:48] scan: duration is 00:37:13 (2233867 ms)
[20:39:48] pgc_id: 1, pgn: 1: pgc: 0x7f439400f210
[20:39:48] scan: vts=1, ttn=1, cells=0->2, blocks=0->1220231, 1220232 blocks
[20:39:48] scan: checking audio 1
[20:39:48] scan: id=0x80bd, lang=Unknown (AC3), 3cc=und ext=0
[20:39:48] scan: checking audio 2
[20:39:48] scan: id=0x81bd, lang=Unknown (AC3), 3cc=und ext=0
[20:39:48] scan: title 1 has 2 chapters
[20:39:48] scan: chap 1 c=0->1, b=0->1220227 (1220228), 2233467 ms
[20:39:48] scan: chap 2 c=2->2, b=1220228->1220231 (4), 400 ms
[20:39:48] scan: aspect = 16:9
[20:39:48] scan: decoding previews for title 1
libdvdnav: DVD disk reports itself with Region mask 0x00000000. Regions: 1 2 3 4 5 6 7 8
[20:39:48] scan: title angle(s) 1
[ac3 @ 0x7f4394013e80] frame sync error
[ac3 @ 0x7f43940146c0] frame sync error
[ac3 @ 0x7f4394015000] frame sync error
[20:39:48] scan: audio 0x81bd: ac3, rate=48000Hz, bitrate=448000 Unknown (AC3) (2.0 ch)
[ac3 @ 0x7f4394015000] frame sync error
[20:39:48] scan: audio 0x80bd: ac3, rate=48000Hz, bitrate=448000 Unknown (AC3) (2.0 ch)
[20:39:49] scan: 10 previews, 720x480, 29,970 fps, autocrop = 0/0/0/0, aspect 16:9, PAR 32:27
[20:39:49] libhb: scan thread found 1 valid title(s)
[20:39:49] starting job
[20:39:49] decomb filter thread started for segment 0
[20:39:49] decomb filter thread started for segment 1
[20:39:49] decomb filter thread started for segment 3
[20:39:49] decomb check thread started for segment 3
[20:39:49] mask filter thread started for segment 0
[20:39:49] mask filter thread started for segment 2
[20:39:49] mask filter thread started for segment 1
[20:39:49] mask filter thread started for segment 3
[20:39:49] mask erode thread started for segment 0
[20:39:49] mask erode thread started for segment 2
[20:39:49] mask erode thread started for segment 1
[20:39:49] mask erode thread started for segment 3
[20:39:49] mask dilate thread started for segment 0
[20:39:49] mask dilate thread started for segment 1
[20:39:49] mask dilate thread started for segment 2
[20:39:49] yadif thread started for segment 2
[20:39:49] job configuration:
[20:39:49]  * source
[20:39:49]    + /media/HD/Series/Jimmy Sévigny transFORMation/JIMMYSEVIGNY_TRANS_CONNECT.ISO
[20:39:49]    + title 1, chapter(s) 1 to 2
[20:39:49]  * destination
[20:39:49]    + /home/mastarch/Vidéos/JIMMYSEVIGNY_TRANS_CONNECT.mkv
[20:39:49]    + container: Matroska (libavformat)
[20:39:49]      + chapter markers
[20:39:49]  * video track
[20:39:49]    + decoder: mpeg2video
[20:39:49]      + bitrate 8500 kbps
[20:39:49]    + filters
[20:39:49]      + Comb Detect (mode=3:spatial-metric=2:motion-thresh=1:spatial-thresh=1:filter-mode=2:block-thresh=40:block-width=16:block-height=16)
[20:39:49]      + Decomb (mode=39)
[20:39:49]      + Framerate Shaper (mode=2:rate=27000000/900000)
[20:39:49]        + frame rate: 29,970 fps -> peak rate limited to 30,000 fps
[20:39:49]      + Crop and Scale (width=720:height=480:crop-top=0:crop-bottom=0:crop-left=0:crop-right=0)
[20:39:49]        + source: 720 * 480, crop (0/0/0/0): 720 * 480, scale: 720 * 480
[20:39:49]    + Output geometry
[20:39:49]      + storage dimensions: 720 x 480
[20:39:49]      + pixel aspect ratio: 32 : 27
[20:39:49]      + display dimensions: 853 x 480
[20:39:49]    + encoder: H.264 (libx264)
[20:39:49]      + preset:  fast
[20:39:49]      + profile: main
[20:39:49]      + level:   4.0
[20:39:49]      + quality: 22,00 (RF)
[20:39:49]  * audio track 1
[20:39:49]    + decoder: Unknown (AC3) (2.0 ch) (track 1, id 0x80bd)
[20:39:49]      + bitrate: 448 kbps, samplerate: 48000 Hz
[20:39:49]    + mixdown: Stereo
[20:39:49]    + encoder: AAC (libavcodec)
[20:39:49]      + bitrate: 160 kbps, samplerate: 48000 Hz
libdvdnav: Using dvdnav version 5.0.1
libdvdread: Encrypted DVD support unavailable.
libdvdnav: DVD Title: JIMMYSEVIGNY_TRANS_CONNECT
libdvdnav: DVD Serial Number: 496168ae        
libdvdnav: DVD Title (Alternative): JIMMYSEVIGNY_TRANS_CONNECT
libdvdnav: DVD disk reports itself with Region mask 0x00000000. Regions: 1 2 3 4 5 6 7 8
libdvdread: Encrypted DVD support unavailable.
libdvdnav: DVD disk reports itself with Region mask 0x00000000. Regions: 1 2 3 4 5 6 7 8
[20:39:49] sync: expecting 66949 video frames
[20:39:49] encx264: min-keyint: 30, keyint: 300
[20:39:49] encx264: encoding at constant RF 22,000000
[20:39:49] encx264: unparsed options: level=4.0:ref=2:8x8dct=0:weightp=1:subme=6:vbv-bufsize=25000:vbv-maxrate=20000:rc-lookahead=30
x264 [info]: using SAR=32/27
[20:39:49] decomb filter thread started for segment 2
[20:39:49] decomb check thread started for segment 0
[20:39:49] decomb check thread started for segment 1
[20:39:49] decomb check thread started for segment 2
x264 [info]: using cpu capabilities: MMX2 SSE2Fast LZCNT
[20:39:49] mask dilate thread started for segment 3
[20:39:49] yadif thread started for segment 0
[20:39:49] yadif thread started for segment 1
[20:39:49] yadif thread started for segment 3
x264 [info]: profile Main, level 4.0
[20:39:49] sync: first pts audio 0x80bd is 0
[20:39:49] sync: first pts video is 6006
[20:39:49] sync: "Chapter 1" (1) at frame 1 time 6006
[20:51:17] reader: done. 1 scr changes
[20:51:18] work: average encoding speed for job is 97,140419 fps
[20:51:18] comb detect: heavy 16 | light 215 | uncombed 66725 | total 66956
[20:51:18] decomb: deinterlaced 16 | blended 215 | unfiltered 66725 | total 66956
[20:51:18] vfr: 66956 frames output, 0 dropped and 0 duped for CFR/PFR
[20:51:18] vfr: lost time: 0 (0 frames)
[20:51:18] vfr: gained time: 0 (0 frames) (0 not accounted for)
[20:51:18] ac3-decoder done: 69819 frames, 0 decoder errors
[20:51:18] mpeg2video-decoder done: 66958 frames, 0 decoder errors
[20:51:18] sync: got 66956 frames, 66949 expected
[20:51:18] sync: framerate min 14,985 fps, max 29,970 fps, avg 29,970 fps
x264 [info]: frame I:392   Avg QP:17,27  size: 24520
x264 [info]: frame P:17190 Avg QP:20,70  size:  3398
x264 [info]: frame B:49374 Avg QP:22,81  size:   580
x264 [info]: consecutive B-frames:  1,0%  1,5%  1,9% 95,6%
x264 [info]: mb I  I16..4: 28,8%  0,0% 71,2%
x264 [info]: mb P  I16..4:  0,9%  0,0%  0,7%  P16..4: 37,1% 11,2%  7,4%  0,0%  0,0%    skip:42,8%
x264 [info]: mb B  I16..4:  0,9%  0,0%  0,0%  B16..8: 11,9%  1,9%  0,1%  direct: 4,6%  skip:80,6%  L0:41,3% L1:50,4% BI: 8,2%
x264 [info]: coded y,uvDC,uvAC intra: 37,1% 52,4% 15,1% inter: 3,3% 10,6% 0,2%
x264 [info]: i16 v,h,dc,p: 29% 38% 20% 12%
x264 [info]: i4 v,h,dc,ddl,ddr,vr,hd,vl,hu: 22% 28% 18%  5%  7%  6%  6%  4%  5%
x264 [info]: i8c dc,h,v,p: 64% 18% 16%  3%
x264 [info]: Weighted P-Frames: Y:0,6% UV:0,1%
x264 [info]: ref P L0: 65,4% 34,6%
x264 [info]: ref B L0: 78,1% 21,9%
x264 [info]: ref B L1: 93,6%  6,4%
x264 [info]: kb/s:346,10
[20:51:18] mux: track 0, 66956 frames, 96640746 bytes, 346,04 kbps, fifo 8192
[20:51:18] mux: track 1, 104729 frames, 44733833 bytes, 160,18 kbps, fifo 16384
[20:51:18] libhb: work result = 0
